Powered by mobantu.com

v6.0
新增文章打赏、视频分集播放列表、自定义文章版权、主导航位置选择、外链相册简码、经典编辑器简码增强、优化投稿页面、微信端支持公众号登录、工单

v5.2
新增前端繁简切换、手机号注册、短代码motag，兼容Erphpdown11.2、Woocommerce

v5.1
新增至4级分类筛选、文章显示作者、弹窗充值、邀请码注册

v3.0
优化主题，修复bug

v2.0
优化首页幻灯片显示方式，修复bug

v1.81
优化主题，修复bug

v1.8
优化VIP页面已个人中心，修复bug

v1.74
前端个人中心支持工单扩展功能（另付费），首页最新文章可排除显示指定分类

v1.72
新增支持ckplayer，支持erphpdown9.6

v1.71
新增上传头像功能

v1.7
新增每日签到功能

v1.64
新增分类页面最多可扩展至三级分类筛选，标签筛选基于子分类，新增下载排行小工具

v1.61
优化主题

v1.6
新增博客文章类型

v1.5.2
新增子分类筛选、首页banner处搜索

v1.5.1
修复bug

v1.5
新增文章与分类单独SEO设置，优化首页头部样式，新增VIP介绍页面，支持erphpdown9.51

v1.45
优化主题，支持erphpdown9.5

v1.44
新增可关闭注册验证码，优化advanced custom fields插件支持link、多选类型的字段

v1.43
修复bug

v1.42
新增文章收藏，主题可独立使用

v1.41
新增文章点赞，支持advanced custom fields插件

v1.4
优化主题，新增客服QQ链接

v1.35
兼容erphpdown9.4

v1.34
新增首页可设置幻灯片轮播，修复bug

v1.33
新增单个分类可设置筛选标签，修复bug

v1.32
修复bug

v1.31
优化头部可选择黑白背景，支持erphpdown v9.2.6

v1.3
新增投稿页面

v1.2
修复bug，列表支持5列，充值金额支持设置固定金额

v1.1.1
优化下载页面，新增下载页面广告位

v1.1
修复bug，支持注册图形验证码与邮件验证码切换，新增登录注册找回密码页面模板，边栏支持滚动置顶

v1.06
修复bug，支持erphpdown v9.2.2

v1.05
新增下载框位置选择，评论处显示是否已购买

v1.04
新增分类页筛选

v1.03
接入熊掌号

v1.02
修复bug，新增一个首页模板

v1.01
优化主题、修复bug

v1.0
常规发布